<?xml version="1.0" encoding="UTF-8"?>
<testsuite xmlns:xsi="http://www.w3.org/2001/XMLSchema-instance" xsi:noNamespaceSchemaLocation="https://maven.apache.org/surefire/maven-surefire-plugin/xsd/surefire-test-report-3.0.xsd" version="3.0" name="org.example.runner.Runners" time="218.815" tests="19" errors="0" skipped="0" failures="3">
  <properties>
[...]
</properties>
  <testcase name="runScenario" classname="org.example.runner.Runners" time="24.793"/>
  <testcase name="runScenario" classname="org.example.runner.Runners" time="7.21"/>
  <testcase name="runScenario" classname="org.example.runner.Runners" time="6.832"/>
  <testcase name="runScenario" classname="org.example.runner.Runners" time="5.547"/>
  <testcase name="runScenario" classname="org.example.runner.Runners" time="12.447"/>
  <testcase name="runScenario" classname="org.example.runner.Runners" time="7.45"/>
  <testcase name="runScenario" classname="org.example.runner.Runners" time="9.998"/>
  <testcase name="runScenario" classname="org.example.runner.Runners" time="8.959"/>
  <testcase name="runScenario" classname="org.example.runner.Runners" time="8.794"/>
  <testcase name="runScenario" classname="org.example.runner.Runners" time="8.893"/>
  <testcase name="runScenario" classname="org.example.runner.Runners" time="11.71"/>
  <testcase name="runScenario" classname="org.example.runner.Runners" time="5.183">
    <failure message="The following asserts failed:&#10;	Assertion of Nokia URL expected [https://demo.nopcommerce.com/nokia-lumia-1020] but found [https://demo.nopcommerce.com/]" type="java.lang.AssertionError"><![CDATA[java.lang.AssertionError: 
The following asserts failed:
	Assertion of Nokia URL expected [https://demo.nopcommerce.com/nokia-lumia-1020] but found [https://demo.nopcommerce.com/]
]]></failure>
    <system-out><![CDATA[
@smoke
Scenario: First slider Nokia click   &amp#27;[90m# src/main/resources/features/F06HomeSliders.feature:3&amp#27;[0m
  &amp#27;[32mGiven &amp#27;[0m&amp#27;[32mclick on first slide nokia&amp#27;[0m   &amp#27;[90m# org.example.stepDefintions.S06HomeSlidersStepDef.firstSlide()&amp#27;[0m
  &amp#27;[31mThen &amp#27;[0m&amp#27;[31mshould navigate to nokia Page&amp#27;[0m &amp#27;[90m# org.example.stepDefintions.S06HomeSlidersStepDef.shouldNavigateToNokiaPage()&amp#27;[0m
      &amp#27;[31mjava.lang.AssertionError: The following asserts failed:
	Assertion of Nokia URL expected [https://demo.nopcommerce.com/nokia-lumia-1020] but found [https://demo.nopcommerce.com/]
	at org.testng.asserts.SoftAssert.assertAll(SoftAssert.java:46)
	at org.testng.asserts.SoftAssert.assertAll(SoftAssert.java:30)
	at org.example.stepDefintions.S06HomeSlidersStepDef.shouldNavigateToNokiaPage(S06HomeSlidersStepDef.java:27)
	at ✽.should navigate to nokia Page(file:///D:/FWD%20-%20Front%20End%20Testing/Automation%20Projects/demonopcommerce/src/main/resources/features/F06HomeSliders.feature:5)
&amp#27;[0m
]]></system-out>
    <system-err><![CDATA[Starting ChromeDriver 108.0.5359.71 (1e0e3868ee06e91ad636a874420e3ca3ae3756ac-refs/branch-heads/5359@{#1016}) on port 42969
Only local connections are allowed.
Please see https://chromedriver.chromium.org/security-considerations for suggestions on keeping ChromeDriver safe.
ChromeDriver was started successfully.
Dec 02, 2022 9:29:49 PM org.openqa.selenium.devtools.CdpVersionFinder findNearestMatch
WARNING: Unable to find an exact match for CDP version 108, so returning the closest version found: 107
]]></system-err>
  </testcase>
  <testcase name="runScenario" classname="org.example.runner.Runners" time="5.476">
    <failure message="The following asserts failed:&#10;	Assertion of Iphone URL expected [https://demo.nopcommerce.com/iphone-6] but found [https://demo.nopcommerce.com/]" type="java.lang.AssertionError"><![CDATA[java.lang.AssertionError: 
The following asserts failed:
	Assertion of Iphone URL expected [https://demo.nopcommerce.com/iphone-6] but found [https://demo.nopcommerce.com/]
]]></failure>
    <system-out><![CDATA[
@smoke
Scenario: Second slider Iphone click  &amp#27;[90m# src/main/resources/features/F06HomeSliders.feature:8&amp#27;[0m
  &amp#27;[32mGiven &amp#27;[0m&amp#27;[32mclick on second slide Iphone&amp#27;[0m  &amp#27;[90m# org.example.stepDefintions.S06HomeSlidersStepDef.clickOnSecondSlideIphone()&amp#27;[0m
  &amp#27;[31mThen &amp#27;[0m&amp#27;[31mshould navigate to Iphone Page&amp#27;[0m &amp#27;[90m# org.example.stepDefintions.S06HomeSlidersStepDef.shouldNavigateToIphonePage()&amp#27;[0m
      &amp#27;[31mjava.lang.AssertionError: The following asserts failed:
	Assertion of Iphone URL expected [https://demo.nopcommerce.com/iphone-6] but found [https://demo.nopcommerce.com/]
	at org.testng.asserts.SoftAssert.assertAll(SoftAssert.java:46)
	at org.testng.asserts.SoftAssert.assertAll(SoftAssert.java:30)
	at org.example.stepDefintions.S06HomeSlidersStepDef.shouldNavigateToIphonePage(S06HomeSlidersStepDef.java:44)
	at ✽.should navigate to Iphone Page(file:///D:/FWD%20-%20Front%20End%20Testing/Automation%20Projects/demonopcommerce/src/main/resources/features/F06HomeSliders.feature:10)
&amp#27;[0m
]]></system-out>
    <system-err><![CDATA[Starting ChromeDriver 108.0.5359.71 (1e0e3868ee06e91ad636a874420e3ca3ae3756ac-refs/branch-heads/5359@{#1016}) on port 15315
Only local connections are allowed.
Please see https://chromedriver.chromium.org/security-considerations for suggestions on keeping ChromeDriver safe.
ChromeDriver was started successfully.
Dec 02, 2022 9:29:55 PM org.openqa.selenium.devtools.CdpVersionFinder findNearestMatch
WARNING: Unable to find an exact match for CDP version 108, so returning the closest version found: 107
]]></system-err>
  </testcase>
  <testcase name="runScenario" classname="org.example.runner.Runners" time="12.833"/>
  <testcase name="runScenario" classname="org.example.runner.Runners" time="13.461"/>
  <testcase name="runScenario" classname="org.example.runner.Runners" time="25.36">
    <failure message="Expected condition failed: waiting for number of open windows to be 2 (tried for 20 second(s) with 500 milliseconds interval)&#10;Build info: version: &apos;4.6.0&apos;, revision: &apos;79f1c02ae20&apos;&#10;System info: os.name: &apos;Windows 10&apos;, os.arch: &apos;amd64&apos;, os.version: &apos;10.0&apos;, java.version: &apos;19.0.1&apos;&#10;Driver info: org.openqa.selenium.chrome.ChromeDriver&#10;Capabilities {acceptInsecureCerts: false, browserName: chrome, browserVersion: 108.0.5359.72, chrome: {chromedriverVersion: 108.0.5359.71 (1e0e3868ee06..., userDataDir: C:\Users\Agami\AppData\Loca...}, goog:chromeOptions: {debuggerAddress: localhost:60726}, networkConnectionEnabled: false, pageLoadStrategy: normal, platformName: WINDOWS, proxy: Proxy(), se:cdp: ws://localhost:60726/devtoo..., se:cdpVersion: 108.0.5359.72, setWindowRect: true, strictFileInteractability: false, timeouts: {implicit: 0, pageLoad: 300000, script: 30000}, unhandledPromptBehavior: dismiss and notify, webauthn:extension:credBlob: true, webauthn:extension:largeBlob: true, webauthn:virtualAuthenticators: true}&#10;Session ID: cc058233e4f34b892c335748bc1262f5" type="org.openqa.selenium.TimeoutException"><![CDATA[org.openqa.selenium.TimeoutException: 
Expected condition failed: waiting for number of open windows to be 2 (tried for 20 second(s) with 500 milliseconds interval)
Build info: version: '4.6.0', revision: '79f1c02ae20'
System info: os.name: 'Windows 10', os.arch: 'amd64', os.version: '10.0', java.version: '19.0.1'
Driver info: org.openqa.selenium.chrome.ChromeDriver
Capabilities {acceptInsecureCerts: false, browserName: chrome, browserVersion: 108.0.5359.72, chrome: {chromedriverVersion: 108.0.5359.71 (1e0e3868ee06..., userDataDir: C:\Users\Agami\AppData\Loca...}, goog:chromeOptions: {debuggerAddress: localhost:60726}, networkConnectionEnabled: false, pageLoadStrategy: normal, platformName: WINDOWS, proxy: Proxy(), se:cdp: ws://localhost:60726/devtoo..., se:cdpVersion: 108.0.5359.72, setWindowRect: true, strictFileInteractability: false, timeouts: {implicit: 0, pageLoad: 300000, script: 30000}, unhandledPromptBehavior: dismiss and notify, webauthn:extension:credBlob: true, webauthn:extension:largeBlob: true, webauthn:virtualAuthenticators: true}
Session ID: cc058233e4f34b892c335748bc1262f5
]]></failure>
    <system-out><![CDATA[
@smoke
Scenario: users click on rss link                                                   &amp#27;[90m# src/main/resources/features/F07FollowUs.feature:17&amp#27;[0m
  &amp#27;[32mGiven &amp#27;[0m&amp#27;[32muser click on &amp#27;[0m&amp#27;[32m&amp#27;[1m"rss"&amp#27;[0m&amp#27;[32m link&amp#27;[0m                                                    &amp#27;[90m# org.example.stepDefintions.S07FollowUsStepDef.userClicksLink(java.lang.String)&amp#27;[0m
  &amp#27;[31mWhen &amp#27;[0m&amp#27;[31muser opens new tab&amp#27;[0m                                                           &amp#27;[90m# org.example.stepDefintions.S07FollowUsStepDef.userOpensNewTab()&amp#27;[0m
      &amp#27;[31morg.openqa.selenium.TimeoutException: Expected condition failed: waiting for number of open windows to be 2 (tried for 20 second(s) with 500 milliseconds interval)
Build info: version: '4.6.0', revision: '79f1c02ae20'
System info: os.name: 'Windows 10', os.arch: 'amd64', os.version: '10.0', java.version: '19.0.1'
Driver info: org.openqa.selenium.chrome.ChromeDriver
Capabilities {acceptInsecureCerts: false, browserName: chrome, browserVersion: 108.0.5359.72, chrome: {chromedriverVersion: 108.0.5359.71 (1e0e3868ee06..., userDataDir: C:\Users\Agami\AppData\Loca...}, goog:chromeOptions: {debuggerAddress: localhost:60726}, networkConnectionEnabled: false, pageLoadStrategy: normal, platformName: WINDOWS, proxy: Proxy(), se:cdp: ws://localhost:60726/devtoo..., se:cdpVersion: 108.0.5359.72, setWindowRect: true, strictFileInteractability: false, timeouts: {implicit: 0, pageLoad: 300000, script: 30000}, unhandledPromptBehavior: dismiss and notify, webauthn:extension:credBlob: true, webauthn:extension:largeBlob: true, webauthn:virtualAuthenticators: true}
Session ID: cc058233e4f34b892c335748bc1262f5
	at org.openqa.selenium.support.ui.WebDriverWait.timeoutException(WebDriverWait.java:87)
	at org.openqa.selenium.support.ui.FluentWait.until(FluentWait.java:231)
	at org.example.stepDefintions.S07FollowUsStepDef.userOpensNewTab(S07FollowUsStepDef.java:45)
	at ✽.user opens new tab(file:///D:/FWD%20-%20Front%20End%20Testing/Automation%20Projects/demonopcommerce/src/main/resources/features/F07FollowUs.feature:19)
&amp#27;[0m
  &amp#27;[36mAnd &amp#27;[0m&amp#27;[36muser can switch between tabs&amp#27;[0m                                                  &amp#27;[90m# org.example.stepDefintions.S07FollowUsStepDef.userCanSwitchBetweenTabs()&amp#27;[0m
  &amp#27;[36mThen &amp#27;[0m&amp#27;[36m&amp#27;[0m&amp#27;[36m&amp#27;[1m"https://demo.nopcommerce.com/new-online-store-is-open"&amp#27;[0m&amp#27;[36m is opened in new tab&amp#27;[0m &amp#27;[90m# org.example.stepDefintions.S07FollowUsStepDef.isOpenedInNewTab(java.lang.String)&amp#27;[0m
]]></system-out>
    <system-err><![CDATA[Starting ChromeDriver 108.0.5359.71 (1e0e3868ee06e91ad636a874420e3ca3ae3756ac-refs/branch-heads/5359@{#1016}) on port 27267
Only local connections are allowed.
Please see https://chromedriver.chromium.org/security-considerations for suggestions on keeping ChromeDriver safe.
ChromeDriver was started successfully.
Dec 02, 2022 9:30:26 PM org.openqa.selenium.devtools.CdpVersionFinder findNearestMatch
WARNING: Unable to find an exact match for CDP version 108, so returning the closest version found: 107
]]></system-err>
  </testcase>
  <testcase name="runScenario" classname="org.example.runner.Runners" time="16.228"/>
  <testcase name="runScenario" classname="org.example.runner.Runners" time="11.451"/>
  <testcase name="runScenario" classname="org.example.runner.Runners" time="15.151"/>
</testsuite>